\BOOKMARK [1][-]{section.1}{Background}{}% 1
\BOOKMARK [1][-]{section.2}{Objectives and Technical Plan}{}% 2
\BOOKMARK [2][-]{subsection.2.1}{Objectives}{section.2}% 3
\BOOKMARK [2][-]{subsection.2.2}{Technical Plan}{section.2}% 4
\BOOKMARK [2][-]{subsection.2.3}{Limitation and Scope}{section.2}% 5
\BOOKMARK [1][-]{section.3}{Project Technical Panel}{}% 6
\BOOKMARK [1][-]{section.4}{Previous Literature}{}% 7
\BOOKMARK [2][-]{subsection.4.1}{Fire Service Publications}{section.4}% 8
\BOOKMARK [2][-]{subsection.4.2}{Fire Service Training Manuals}{section.4}% 9
\BOOKMARK [2][-]{subsection.4.3}{Firefighter Line of Duty Deaths}{section.4}% 10
\BOOKMARK [2][-]{subsection.4.4}{Research Work}{section.4}% 11
\BOOKMARK [1][-]{section.5}{Instrumentation}{}% 12
\BOOKMARK [1][-]{section.6}{Test Set Up}{}% 13
\BOOKMARK [2][-]{subsection.6.1}{Structures}{section.6}% 14
\BOOKMARK [2][-]{subsection.6.2}{Measurement Locations}{section.6}% 15
\BOOKMARK [1][-]{section.7}{hlREMOVE IF NOT APPLICABLE - Heat Release Fuel Load Characterization}{}% 16
\BOOKMARK [1][-]{section.8}{Task 1 Experiments}{}% 17
\BOOKMARK [2][-]{subsection.8.1}{Experiment Task 1 Subsection 1}{section.8}% 18
\BOOKMARK [1][-]{section.9}{Task 2 Experiments}{}% 19
\BOOKMARK [1][-]{section.10}{Analysis}{}% 20
\BOOKMARK [2][-]{subsection.10.1}{Analysis Subsection 1}{section.10}% 21
\BOOKMARK [1][-]{section.11}{Future Research Needs}{}% 22
\BOOKMARK [1][-]{section*.24}{Appendices}{}% 23
\BOOKMARK [1][-]{Appendix.1.A}{Experimental Results}{}% 24
\BOOKMARK [2][-]{subsection.1.A.1}{Experiment 1 Results}{Appendix.1.A}% 25
