\BOOKMARK [0][]{section*.3}{Contents}{}% 1
\BOOKMARK [0][]{section*.4}{List of Figures}{}% 2
\BOOKMARK [0][]{section*.5}{List of Tables}{}% 3
\BOOKMARK [0][]{chapter*.6}{List of Acronyms}{}% 4
\BOOKMARK [0][]{chapter.1}{Background}{}% 5
\BOOKMARK [0][]{chapter.2}{Objectives and Technical Plan}{}% 6
\BOOKMARK [1][]{section.2.1}{Objectives}{chapter.2}% 7
\BOOKMARK [1][]{section.2.2}{Technical Plan}{chapter.2}% 8
\BOOKMARK [1][]{section.2.3}{Limitation and Scope}{chapter.2}% 9
\BOOKMARK [0][]{chapter.3}{Project Technical Panel}{}% 10
\BOOKMARK [0][]{chapter.4}{Previous Literature}{}% 11
\BOOKMARK [1][]{section.4.1}{Literature Overview}{chapter.4}% 12
\BOOKMARK [1][]{section.4.2}{Fire Service Publications}{chapter.4}% 13
\BOOKMARK [1][]{section.4.3}{Fire Service Training Manuals}{chapter.4}% 14
\BOOKMARK [1][]{section.4.4}{Firefighter Line of Duty Deaths}{chapter.4}% 15
\BOOKMARK [1][]{section.4.5}{Research Work}{chapter.4}% 16
\BOOKMARK [0][]{chapter.5}{Instrumentation}{}% 17
\BOOKMARK [0][]{chapter.6}{Test Set Up}{}% 18
\BOOKMARK [1][]{section.6.1}{Structures}{chapter.6}% 19
\BOOKMARK [1][]{section.6.2}{Fuel Loads}{chapter.6}% 20
\BOOKMARK [1][]{section.6.3}{Measurement Locations}{chapter.6}% 21
\BOOKMARK [1][]{section.6.4}{Equipment Utilized}{chapter.6}% 22
\BOOKMARK [0][]{chapter.7}{Full-Scale Residential Fire Experiments}{}% 23
\BOOKMARK [1][]{section.7.1}{Interior}{chapter.7}% 24
\BOOKMARK [2][]{subsection.7.1.1}{No Ventilation}{section.7.1}% 25
\BOOKMARK [2][]{subsection.7.1.2}{Single Room - Single Vent}{section.7.1}% 26
\BOOKMARK [2][]{subsection.7.1.3}{Two Room - Two Vent}{section.7.1}% 27
\BOOKMARK [1][]{section.7.2}{Exterior}{chapter.7}% 28
\BOOKMARK [2][]{subsection.7.2.1}{Single Room - Single Vent}{section.7.2}% 29
\BOOKMARK [2][]{subsection.7.2.2}{Two Room - Two Vent}{section.7.2}% 30
\BOOKMARK [0][]{chapter.8}{Experiment Analysis}{}% 31
\BOOKMARK [1][]{section.8.1}{Repeatability}{chapter.8}% 32
\BOOKMARK [2][]{subsection.8.1.1}{No Ventilation}{section.8.1}% 33
\BOOKMARK [2][]{subsection.8.1.2}{Single Vent}{section.8.1}% 34
\BOOKMARK [2][]{subsection.8.1.3}{Two Vents}{section.8.1}% 35
\BOOKMARK [1][]{section.8.2}{Effect of Ventilation Profile on Tenability}{chapter.8}% 36
\BOOKMARK [2][]{subsection.8.2.1}{Before Fire Department Arrival}{section.8.2}% 37
\BOOKMARK [2][]{subsection.8.2.2}{Effect of Fire Department Intervention}{section.8.2}% 38
\BOOKMARK [2][]{subsection.8.2.3}{Interior vs. Exterior}{section.8.2}% 39
\BOOKMARK [1][]{section.8.3}{Effect of Ventilation Profile on Knock back Capability}{chapter.8}% 40
\BOOKMARK [2][]{subsection.8.3.1}{Interior}{section.8.3}% 41
\BOOKMARK [2][]{subsection.8.3.2}{Exterior}{section.8.3}% 42
\BOOKMARK [1][]{section.8.4}{Ability to ``Push Fire''}{chapter.8}% 43
\BOOKMARK [2][]{subsection.8.4.1}{Interior}{section.8.4}% 44
\BOOKMARK [2][]{subsection.8.4.2}{Exterior}{section.8.4}% 45
\BOOKMARK [1][]{section.8.5}{Impact of ``Whip'' on Regrowth}{chapter.8}% 46
\BOOKMARK [1][]{section.8.6}{Impact of Door Control}{chapter.8}% 47
\BOOKMARK [1][]{section.8.7}{Impact of Water Usage}{chapter.8}% 48
\BOOKMARK [0][]{chapter.9}{Tactical Considerations}{}% 49
\BOOKMARK [1][]{section.9.1}{Where are Survivable Spaces}{chapter.9}% 50
\BOOKMARK [1][]{section.9.2}{Hose Stream Type has limited effect on knockdown capability.}{chapter.9}% 51
\BOOKMARK [1][]{section.9.3}{Flow \046 Move vs. Shutdown and Move}{chapter.9}% 52
\BOOKMARK [1][]{section.9.4}{Having a vent ahead changes your need to ``Make a Push''}{chapter.9}% 53
\BOOKMARK [1][]{section.9.5}{Door Control During Interior Suppression slows impact of ventilation}{chapter.9}% 54
\BOOKMARK [0][]{chapter.10}{Future Research Needs}{}% 55
\BOOKMARK [0][]{chapter*.30}{References}{}% 56
\BOOKMARK [0][]{section*.31}{Appendices}{}% 57
\BOOKMARK [1][]{section.a..1}{Experimental Results}{section*.31}% 58
\BOOKMARK [0][]{appendix.A}{Air Entrainment Figures}{}% 59
\BOOKMARK [0][]{appendix.B}{Water Distribution Figures}{}% 60
